<?xml version="1.0" encoding="UTF-8"?>
<testsuite xmlns:xsi="http://www.w3.org/2001/XMLSchema-instance" xsi:noNamespaceSchemaLocation="https://maven.apache.org/surefire/maven-surefire-plugin/xsd/surefire-test-report-3.0.xsd" version="3.0" name="api.response.apiResponse.ApiResponseApplicationTests" time="12.442" tests="1" errors="0" skipped="0" failures="0">
  <properties>
[...]
</properties>
  <testcase name="contextLoads" classname="api.response.apiResponse.ApiResponseApplicationTests" time="0.718">
    <system-out><![CDATA[15:15:32,342 |-INFO in ch.qos.logback.classic.LoggerContext[default] - This is logback-classic version 1.4.14
15:15:32,346 |-INFO in ch.qos.logback.classic.util.ContextInitializer@239105a8 - Here is a list of configurators discovered as a service, by rank: 
15:15:32,346 |-INFO in ch.qos.logback.classic.util.ContextInitializer@239105a8 -   org.springframework.boot.logging.logback.RootLogLevelConfigurator
15:15:32,346 |-INFO in ch.qos.logback.classic.util.ContextInitializer@239105a8 - They will be invoked in order until ExecutionStatus.DO_NOT_INVOKE_NEXT_IF_ANY is returned.
15:15:32,346 |-INFO in ch.qos.logback.classic.util.ContextInitializer@239105a8 - Constructed configurator of type class org.springframework.boot.logging.logback.RootLogLevelConfigurator
15:15:32,365 |-INFO in ch.qos.logback.classic.util.ContextInitializer@239105a8 - org.springframework.boot.logging.logback.RootLogLevelConfigurator.configure() call lasted 0 milliseconds. ExecutionStatus=INVOKE_NEXT_IF_ANY
15:15:32,365 |-INFO in ch.qos.logback.classic.util.ContextInitializer@239105a8 - Trying to configure with ch.qos.logback.classic.joran.SerializedModelConfigurator
15:15:32,366 |-INFO in ch.qos.logback.classic.util.ContextInitializer@239105a8 - Constructed configurator of type class ch.qos.logback.classic.joran.SerializedModelConfigurator
15:15:32,371 |-INFO in ch.qos.logback.classic.LoggerContext[default] - Could NOT find resource [logback-test.scmo]
15:15:32,372 |-INFO in ch.qos.logback.classic.LoggerContext[default] - Could NOT find resource [logback.scmo]
15:15:32,372 |-INFO in ch.qos.logback.classic.util.ContextInitializer@239105a8 - ch.qos.logback.classic.joran.SerializedModelConfigurator.configure() call lasted 6 milliseconds. ExecutionStatus=INVOKE_NEXT_IF_ANY
15:15:32,372 |-INFO in ch.qos.logback.classic.util.ContextInitializer@239105a8 - Trying to configure with ch.qos.logback.classic.util.DefaultJoranConfigurator
15:15:32,373 |-INFO in ch.qos.logback.classic.util.ContextInitializer@239105a8 - Constructed configurator of type class ch.qos.logback.classic.util.DefaultJoranConfigurator
15:15:32,374 |-INFO in ch.qos.logback.classic.LoggerContext[default] - Could NOT find resource [logback-test.xml]
15:15:32,380 |-INFO in ch.qos.logback.classic.LoggerContext[default] - Found resource [logback.xml] at [file:/home/hatice/IdeaProjects/apiResponse/target/classes/logback.xml]
15:15:32,466 |-WARN in ch.qos.logback.core.joran.action.IncludeAction - Could not find resource corresponding to [org/springframework/boot/logging/logback/default.xml]
15:15:32,468 |-INFO in ch.qos.logback.core.joran.util.ConfigurationWatchListUtil@3fce8fd9 - Adding [jar:file:/home/hatice/.m2/repository/org/springframework/boot/spring-boot/3.2.1/spring-boot-3.2.1.jar!/org/springframework/boot/logging/logback/console-appender.xml] to configuration watch list.
15:15:32,469 |-INFO in ch.qos.logback.core.joran.spi.ConfigurationWatchList@609bcfb6 - URL [jar:file:/home/hatice/.m2/repository/org/springframework/boot/spring-boot/3.2.1/spring-boot-3.2.1.jar!/org/springframework/boot/logging/logback/console-appender.xml] is not of type file
15:15:32,533 |-INFO in ch.qos.logback.core.model.processor.AppenderModelHandler - Processing appender named [CONSOLE]
15:15:32,533 |-INFO in ch.qos.logback.core.model.processor.AppenderModelHandler - About to instantiate appender of type [ch.qos.logback.core.ConsoleAppender]
15:15:32,551 |-INFO in ch.qos.logback.core.model.processor.ImplicitModelHandler - Assuming default type [ch.qos.logback.classic.encoder.PatternLayoutEncoder] for [encoder] property
15:15:32,596 |-INFO in ch.qos.logback.core.model.processor.AppenderModelHandler - Processing appender named [CONSOLE]
15:15:32,596 |-INFO in ch.qos.logback.core.model.processor.AppenderModelHandler - About to instantiate appender of type [ch.qos.logback.core.ConsoleAppender]
15:15:32,596 |-INFO in ch.qos.logback.core.model.processor.ImplicitModelHandler - Assuming default type [ch.qos.logback.classic.encoder.PatternLayoutEncoder] for [encoder] property
15:15:32,597 |-INFO in ch.qos.logback.core.model.processor.AppenderModelHandler - Processing appender named [FILE]
15:15:32,597 |-INFO in ch.qos.logback.core.model.processor.AppenderModelHandler - About to instantiate appender of type [ch.qos.logback.core.rolling.RollingFileAppender]
15:15:32,602 |-INFO in ch.qos.logback.core.model.processor.ImplicitModelHandler - Assuming default type [ch.qos.logback.classic.encoder.PatternLayoutEncoder] for [encoder] property
15:15:32,618 |-INFO in ch.qos.logback.core.rolling.FixedWindowRollingPolicy@7d94beb9 - No compression will be used
15:15:32,624 |-INFO in ch.qos.logback.core.rolling.RollingFileAppender[FILE] - Active log file name: log/app.json
15:15:32,625 |-INFO in ch.qos.logback.core.rolling.RollingFileAppender[FILE] - File property is set to [log/app.json]
15:15:32,627 |-INFO in ch.qos.logback.classic.model.processor.RootLoggerModelHandler - Setting level of ROOT logger to INFO
15:15:32,627 |-INFO in ch.qos.logback.core.model.processor.AppenderRefModelHandler - Attaching appender named [CONSOLE] to Logger[ROOT]
15:15:32,628 |-INFO in ch.qos.logback.core.model.processor.AppenderRefModelHandler - Attaching appender named [FILE] to Logger[ROOT]
15:15:32,629 |-INFO in ch.qos.logback.classic.model.processor.LoggerModelHandler - Setting level of logger [com.thinkconstructive.springbootlogging] to DEBUG
15:15:32,629 |-INFO in ch.qos.logback.core.model.processor.DefaultProcessor@560348e6 - End of configuration.
15:15:32,631 |-INFO in ch.qos.logback.classic.joran.JoranConfigurator@1df8b5b8 - Registering current configuration as safe fallback point
15:15:32,631 |-INFO in ch.qos.logback.classic.util.ContextInitializer@239105a8 - ch.qos.logback.classic.util.DefaultJoranConfigurator.configure() call lasted 258 milliseconds. ExecutionStatus=DO_NOT_INVOKE_NEXT_IF_ANY

15:15:32.791 [main] INFO  o.s.t.c.s.AnnotationConfigContextLoaderUtils - Could not detect default configuration classes for test class [api.response.apiResponse.ApiResponseApplicationTests]: ApiResponseApplicationTests does not declare any static, non-private, non-final, nested classes annotated with @Configuration.
15:15:33.085 [main] INFO  o.s.b.t.c.SpringBootTestContextBootstrapper - Found @SpringBootConfiguration api.response.apiResponse.ApiResponseApplication for test class api.response.apiResponse.ApiResponseApplicationTests
15:15:33.381 [main] INFO  o.s.b.d.r.RestartApplicationListener - Restart disabled due to context in which it is running
15:15:33,699 |-WARN in ch.qos.logback.core.joran.action.IncludeAction - Could not find resource corresponding to [org/springframework/boot/logging/logback/default.xml]
15:15:33,700 |-INFO in ch.qos.logback.core.joran.util.ConfigurationWatchListUtil@3fce8fd9 - Adding [jar:file:/home/hatice/.m2/repository/org/springframework/boot/spring-boot/3.2.1/spring-boot-3.2.1.jar!/org/springframework/boot/logging/logback/console-appender.xml] to configuration watch list.
15:15:33,700 |-INFO in ch.qos.logback.core.joran.spi.ConfigurationWatchList@1da6ee17 - URL [jar:file:/home/hatice/.m2/repository/org/springframework/boot/spring-boot/3.2.1/spring-boot-3.2.1.jar!/org/springframework/boot/logging/logback/console-appender.xml] is not of type file
15:15:33,713 |-INFO in ch.qos.logback.core.model.processor.AppenderModelHandler - Processing appender named [CONSOLE]
15:15:33,713 |-INFO in ch.qos.logback.core.model.processor.AppenderModelHandler - About to instantiate appender of type [ch.qos.logback.core.ConsoleAppender]
15:15:33,715 |-INFO in ch.qos.logback.core.model.processor.ImplicitModelHandler - Assuming default type [ch.qos.logback.classic.encoder.PatternLayoutEncoder] for [encoder] property
15:15:33,716 |-INFO in ch.qos.logback.core.model.processor.AppenderModelHandler - Processing appender named [CONSOLE]
15:15:33,716 |-INFO in ch.qos.logback.core.model.processor.AppenderModelHandler - About to instantiate appender of type [ch.qos.logback.core.ConsoleAppender]
15:15:33,717 |-INFO in ch.qos.logback.core.model.processor.ImplicitModelHandler - Assuming default type [ch.qos.logback.classic.encoder.PatternLayoutEncoder] for [encoder] property
15:15:33,718 |-INFO in ch.qos.logback.core.model.processor.AppenderModelHandler - Processing appender named [FILE]
15:15:33,718 |-INFO in ch.qos.logback.core.model.processor.AppenderModelHandler - About to instantiate appender of type [ch.qos.logback.core.rolling.RollingFileAppender]
15:15:33,718 |-INFO in ch.qos.logback.core.model.processor.ImplicitModelHandler - Assuming default type [ch.qos.logback.classic.encoder.PatternLayoutEncoder] for [encoder] property
15:15:33,720 |-INFO in ch.qos.logback.core.rolling.FixedWindowRollingPolicy@78d39a69 - No compression will be used
15:15:33,720 |-INFO in ch.qos.logback.core.rolling.RollingFileAppender[FILE] - Active log file name: log/app.json
15:15:33,720 |-INFO in ch.qos.logback.core.rolling.RollingFileAppender[FILE] - File property is set to [log/app.json]
15:15:33,721 |-INFO in ch.qos.logback.classic.model.processor.RootLoggerModelHandler - Setting level of ROOT logger to INFO
15:15:33,721 |-INFO in ch.qos.logback.classic.jul.LevelChangePropagator@3c818ac4 - Propagating INFO level on Logger[ROOT] onto the JUL framework
15:15:33,722 |-INFO in ch.qos.logback.core.model.processor.AppenderRefModelHandler - Attaching appender named [CONSOLE] to Logger[ROOT]
15:15:33,722 |-INFO in ch.qos.logback.core.model.processor.AppenderRefModelHandler - Attaching appender named [FILE] to Logger[ROOT]
15:15:33,722 |-INFO in ch.qos.logback.classic.model.processor.LoggerModelHandler - Setting level of logger [com.thinkconstructive.springbootlogging] to DEBUG
15:15:33,722 |-INFO in ch.qos.logback.classic.jul.LevelChangePropagator@3c818ac4 - Propagating DEBUG level on Logger[com.thinkconstructive.springbootlogging] onto the JUL framework
15:15:33,722 |-INFO in ch.qos.logback.core.model.processor.DefaultProcessor@5b69d40d - End of configuration.
15:15:33,722 |-INFO in org.springframework.boot.logging.logback.SpringBootJoranConfigurator@71154f21 - Registering current configuration as safe fallback point


  .   ____          _            __ _ _
 /\\ / ___'_ __ _ _(_)_ __  __ _ \ \ \ \
( ( )\___ | '_ | '_| | '_ \/ _` | \ \ \ \
 \\/  ___)| |_)| | | | | || (_| |  ) ) ) )
  '  |____| .__|_| |_|_| |_\__, | / / / /
 =========|_|==============|___/=/_/_/_/
 :: Spring Boot ::                (v3.2.1)

15:15:33.798 [background-preinit] INFO  o.h.validator.internal.util.Version - HV000001: Hibernate Validator 8.0.1.Final
15:15:33.807 [main] WARN  o.s.b.t.j.DuplicateJsonObjectContextCustomizerFactory$DuplicateJsonObjectContextCustomizer - 

Found multiple occurrences of org.json.JSONObject on the class path:

	jar:file:/home/hatice/.m2/repository/com/vaadin/external/google/android-json/0.0.20131108.vaadin1/android-json-0.0.20131108.vaadin1.jar!/org/json/JSONObject.class
	jar:file:/home/hatice/.m2/repository/org/json/json/20210307/json-20210307.jar!/org/json/JSONObject.class

You may wish to exclude one of them to ensure predictable runtime behavior

15:15:33.837 [main] INFO  a.r.a.ApiResponseApplicationTests - Starting ApiResponseApplicationTests using Java 21.0.1 with PID 271334 (started by hatice in /home/hatice/IdeaProjects/apiResponse)
15:15:33.840 [main] INFO  a.r.a.ApiResponseApplicationTests - No active profile set, falling back to 1 default profile: "default"
15:15:35.789 [main] INFO  o.s.d.r.c.RepositoryConfigurationDelegate - Multiple Spring Data modules found, entering strict repository configuration mode
15:15:35.791 [main] INFO  o.s.d.r.c.RepositoryConfigurationDelegate - Bootstrapping Spring Data JPA repositories in DEFAULT mode.
15:15:35.955 [main] INFO  o.s.d.r.c.RepositoryConfigurationExtensionSupport - Spring Data JPA - Could not safely identify store assignment for repository candidate interface api.response.apiResponse.dataAccess.abstracts.RedisRepository; If you want this repository to be a JPA repository, consider annotating your entities with one of these annotations: jakarta.persistence.Entity, jakarta.persistence.MappedSuperclass (preferred), or consider extending one of the following types with your repository: org.springframework.data.jpa.repository.JpaRepository
15:15:35.984 [main] INFO  o.s.d.r.c.RepositoryConfigurationDelegate - Finished Spring Data repository scanning in 181 ms. Found 1 JPA repository interface.
15:15:36.022 [main] INFO  o.s.d.r.c.RepositoryConfigurationDelegate - Multiple Spring Data modules found, entering strict repository configuration mode
15:15:36.024 [main] INFO  o.s.d.r.c.RepositoryConfigurationDelegate - Bootstrapping Spring Data Redis repositories in DEFAULT mode.
15:15:36.057 [main] INFO  o.s.d.r.c.RepositoryConfigurationExtensionSupport - Spring Data Redis - Could not safely identify store assignment for repository candidate interface api.response.apiResponse.dataAccess.abstracts.AddressRepository; If you want this repository to be a Redis repository, consider annotating your entities with one of these annotations: org.springframework.data.redis.core.RedisHash (preferred), or consider extending one of the following types with your repository: org.springframework.data.keyvalue.repository.KeyValueRepository
15:15:36.066 [main] INFO  o.s.d.r.c.RepositoryConfigurationDelegate - Finished Spring Data repository scanning in 23 ms. Found 1 Redis repository interface.
15:15:37.967 [main] INFO  o.h.jpa.internal.util.LogHelper - HHH000204: Processing PersistenceUnitInfo [name: default]
15:15:38.112 [main] INFO  org.hibernate.Version - HHH000412: Hibernate ORM core version 6.4.1.Final
15:15:38.128 [main] WARN  org.hibernate.orm.deprecation - HHH90000021: Encountered deprecated setting [javax.persistence.validation.mode], use [jakarta.persistence.validation.mode] instead
15:15:38.184 [main] INFO  o.h.c.i.RegionFactoryInitiator - HHH000026: Second-level cache disabled
15:15:38.602 [main] INFO  o.s.o.j.p.SpringPersistenceUnitInfo - No LoadTimeWeaver setup: ignoring JPA class transformer
15:15:38.644 [main] INFO  com.zaxxer.hikari.HikariDataSource - HikariPool-1 - Starting...
15:15:38.965 [main] INFO  com.zaxxer.hikari.pool.HikariPool - HikariPool-1 - Added connection org.postgresql.jdbc.PgConnection@5e62ca19
15:15:38.969 [main] INFO  com.zaxxer.hikari.HikariDataSource - HikariPool-1 - Start completed.
15:15:39.021 [main] WARN  org.hibernate.orm.deprecation - HHH90000025: PostgreSQLDialect does not need to be specified explicitly using 'hibernate.dialect' (remove the property setting and it will be selected by default)
15:15:40.416 [main] INFO  o.h.e.t.j.p.i.JtaPlatformInitiator - HHH000489: No JTA platform available (set 'hibernate.transaction.jta.platform' to enable JTA platform integration)
15:15:40.505 [main] INFO  o.s.o.j.LocalContainerEntityManagerFactoryBean - Initialized JPA EntityManagerFactory for persistence unit 'default'
15:15:42.413 [main] WARN  o.s.b.a.o.j.JpaBaseConfiguration$JpaWebConfiguration - spring.jpa.open-in-view is enabled by default. Therefore, database queries may be performed during view rendering. Explicitly configure spring.jpa.open-in-view to disable this warning
15:15:43.940 [main] INFO  a.r.a.ApiResponseApplicationTests - Started ApiResponseApplicationTests in 10.579 seconds (process running for 12.703)
]]></system-out>
    <system-err><![CDATA[WARNING: A Java agent has been loaded dynamically (/home/hatice/.m2/repository/net/bytebuddy/byte-buddy-agent/1.14.10/byte-buddy-agent-1.14.10.jar)
WARNING: If a serviceability tool is in use, please run with -XX:+EnableDynamicAgentLoading to hide this warning
WARNING: If a serviceability tool is not in use, please run with -Djdk.instrument.traceUsage for more information
WARNING: Dynamic loading of agents will be disallowed by default in a future release
]]></system-err>
  </testcase>
</testsuite>